[debug] [2022-09-15T12:17:10.370Z] ----------------------------------------------------------------------
[debug] [2022-09-15T12:17:10.372Z] Command:       C:\Program Files\nodejs\node.exe C:\Program Files\nodejs\node_modules\firebase-tools\lib\bin\firebase.js init hosting
[debug] [2022-09-15T12:17:10.373Z] CLI Version:   11.9.0
[debug] [2022-09-15T12:17:10.373Z] Platform:      win32
[debug] [2022-09-15T12:17:10.373Z] Node Version:  v16.11.0
[debug] [2022-09-15T12:17:10.374Z] Time:          Thu Sep 15 2022 05:17:10 GMT-0700 (Pacific Daylight Time)
[debug] [2022-09-15T12:17:10.374Z] ----------------------------------------------------------------------
[debug] 
[debug] [2022-09-15T12:17:10.384Z] > command requires scopes: ["email","openid","https://www.googleapis.com/auth/cloudplatformprojects.readonly","https://www.googleapis.com/auth/firebase","https://www.googleapis.com/auth/cloud-platform"]
[debug] [2022-09-15T12:17:10.385Z] > authorizing via signed-in user (mel.einsfar@gmail.com)
[info] 
     ######## #### ########  ######## ########     ###     ######  ########
     ##        ##  ##     ## ##       ##     ##  ##   ##  ##       ##
     ######    ##  ########  ######   ########  #########  ######  ######
     ##        ##  ##    ##  ##       ##     ## ##     ##       ## ##
     ##       #### ##     ## ######## ########  ##     ##  ######  ########

You're about to initialize a Firebase project in this directory:

  D:\Noimpossible\DAPP\Paperbits\paperbits-demo

[info] 
=== Project Setup
[info] 
[info] First, let's associate this project directory with a Firebase project.
[info] You can create multiple project aliases by running firebase use --add, 
[info] but for now we'll just set up a default project.
[info] 
[debug] [2022-09-15T12:17:40.177Z] >>> [apiv2][query] GET https://firebase.googleapis.com/v1beta1/projects pageSize=100
[debug] [2022-09-15T12:17:41.141Z] <<< [apiv2][status] GET https://firebase.googleapis.com/v1beta1/projects 200
[debug] [2022-09-15T12:17:41.141Z] <<< [apiv2][body] GET https://firebase.googleapis.com/v1beta1/projects [omitted]
[info] i  Using project paperbitstrial (paperbitstrial) 
[info] 
=== Hosting Setup
[info] 
[info] Your public directory is the folder (relative to your project directory) that
[info] will contain Hosting assets to be uploaded with firebase deploy. If you
[info] have a build process for your assets, use your build's output directory.
[info] 
[debug] [2022-09-15T12:24:53.765Z] >>> [apiv2][query] GET https://www.gstatic.com/firebasejs/releases.json [none]
[debug] [2022-09-15T12:24:54.267Z] <<< [apiv2][status] GET https://www.gstatic.com/firebasejs/releases.json 200
[debug] [2022-09-15T12:24:54.267Z] <<< [apiv2][body] GET https://www.gstatic.com/firebasejs/releases.json {"current":{"version":"9.9.4","browserURL":"https://www.gstatic.com/firebasejs/9.9.4/firebase.js","packageURL":"https://www.gstatic.com/firebasejs/9.9.4/firebase.tgz"},"live":{"version":"9.9","browserURL":"https://www.gstatic.com/firebasejs/live/9.9/firebase.js","packageURL":"https://www.gstatic.com/firebasejs/live/9.9/firebase.tgz"},"components":{"analytics":"https://www.gstatic.com/firebasejs/9.9.4/firebase-analytics.js","app":"https://www.gstatic.com/firebasejs/9.9.4/firebase-app.js","app-check":"https://www.gstatic.com/firebasejs/9.9.4/firebase-app-check.js","auth":"https://www.gstatic.com/firebasejs/9.9.4/firebase-auth.js","auth/cordova":"https://www.gstatic.com/firebasejs/9.9.4/firebase-auth/cordova.js","auth/react-native":"https://www.gstatic.com/firebasejs/9.9.4/firebase-auth/react-native.js","functions":"https://www.gstatic.com/firebasejs/9.9.4/firebase-functions.js","firestore":"https://www.gstatic.com/firebasejs/9.9.4/firebase-firestore.js","firestore/lite":"https://www.gstatic.com/firebasejs/9.9.4/firebase-firestore/lite.js","installations":"https://www.gstatic.com/firebasejs/9.9.4/firebase-installations.js","storage":"https://www.gstatic.com/firebasejs/9.9.4/firebase-storage.js","performance":"https://www.gstatic.com/firebasejs/9.9.4/firebase-performance.js","remote-config":"https://www.gstatic.com/firebasejs/9.9.4/firebase-remote-config.js","messaging":"https://www.gstatic.com/firebasejs/9.9.4/firebase-messaging.js","messaging/sw":"https://www.gstatic.com/firebasejs/9.9.4/firebase-messaging/sw.js","database":"https://www.gstatic.com/firebasejs/9.9.4/firebase-database.js","firestore.memory":"https://www.gstatic.com/firebasejs/9.9.4/firebase-firestore.memory.js"}}
[info] +  Wrote public/index.html 
[info] 
[info] i  Detected a .git folder at D:\Noimpossible\DAPP\Paperbits\paperbits-demo 
[info] i  Authorizing with GitHub to upload your service account to a GitHub repository's secrets store. 
[info] 
[info] Visit this URL on this device to log in:
[info] https://github.com/login/oauth/authorize?client_id=89cf50f02ac6aaed3484&state=32333358&redirect_uri=http%3A%2F%2Flocalhost%3A9005&scope=read%3Auser%20repo%20public_repo
[info] 
[info] Waiting for authentication...
[debug] [2022-09-15T12:25:16.316Z] >>> [apiv2][query] POST https://github.com/login/oauth/access_token [none]
[debug] [2022-09-15T12:25:16.316Z] >>> [apiv2][body] POST https://github.com/login/oauth/access_token [stream]
[debug] [2022-09-15T12:25:17.334Z] <<< [apiv2][status] POST https://github.com/login/oauth/access_token 200
[debug] [2022-09-15T12:25:17.334Z] <<< [apiv2][body] POST https://github.com/login/oauth/access_token {"access_token":"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","token_type":"bearer","scope":"read:user,repo"}
[debug] [2022-09-15T12:25:17.346Z] >>> [apiv2][query] GET https://api.github.com/user [none]
[debug] [2022-09-15T12:25:18.383Z] <<< [apiv2][status] GET https://api.github.com/user 200
[debug] [2022-09-15T12:25:18.385Z] <<< [apiv2][body] GET https://api.github.com/user {"login":"ytdbuolf","id":84152864,"node_id":"MDQ6VXNlcjg0MTUyODY0","avatar_url":"https://avatars.githubusercontent.com/u/84152864?v=4","gravatar_id":"","url":"https://api.github.com/users/ytdbuolf","html_url":"https://github.com/ytdbuolf","followers_url":"https://api.github.com/users/ytdbuolf/followers","following_url":"https://api.github.com/users/ytdbuolf/following{/other_user}","gists_url":"https://api.github.com/users/ytdbuolf/gists{/gist_id}","starred_url":"https://api.github.com/users/ytdbuolf/starred{/owner}{/repo}","subscriptions_url":"https://api.github.com/users/ytdbuolf/subscriptions","organizations_url":"https://api.github.com/users/ytdbuolf/orgs","repos_url":"https://api.github.com/users/ytdbuolf/repos","events_url":"https://api.github.com/users/ytdbuolf/events{/privacy}","received_events_url":"https://api.github.com/users/ytdbuolf/received_events","type":"User","site_admin":false,"name":"Degen Exiled Wolf","company":null,"blog":"","location":null,"email":null,"hireable":true,"bio":"I help launch Tokens, NFT projects on ETH/Polygon & BSC & Solana blockchain!\r\nCan work on DEFI, DEX, P2E building with solidity, smart contracts, web3, rust.","twitter_username":null,"public_repos":117,"public_gists":1,"followers":16,"following":4,"created_at":"2021-05-13T19:32:36Z","updated_at":"2022-08-05T00:54:25Z","private_gists":0,"total_private_repos":40,"owned_private_repos":40,"disk_usage":1661067,"collaborators":3,"two_factor_authentication":false,"plan":{"name":"free","space":976562499,"collaborators":0,"private_repos":10000}}
[info] 
[info] +  Success! Logged into GitHub as ytdbuolf 
[info] 
